1570198875093:login
1570198885003:help
1570198897777:rs
1570198906067:result
1570199349352:login
1570201146861:exit
1570436482657:login
1570436494987:start
1570436515740:result
1570436520180:exit
1570436569078:start
1570437167463:exit
1570437754995:help
1570437759977:login
1570437813470:exit
1570437825812:login
1570437839657:start
1570437858345:result
1570437898088:start
1570437906852:login
1570437923686:result
1570437936183:start
1570437956536:result
1570437961379:exit
1570438088699:start
1570438272326:exit
1570438310476:start
1570438316040:login
1570438324982:exti
1570438327207:exit
1570438353463:login
1570438362760:start
1570438383141:result
1570438399014:login
1570438411827:result
1570438484267:exit
1570454236099:login
1570454245683:start
1570454255240:s
1570454411676:start
1570454433379:login
1570454448318:clear
1570454451078:login
1570454462568:clear
1570454471842:start
1570454501353:clear
1570454505091:result
1570454512760:exit
1570455706668:login
1570455789481:exit
1570455814484:clear
1570455818484:login
1570457026002:Lekhanov
1570457028018:Denis
1570457041519:start
1570457058444:result
1570457099431:exit
1570457118353:login
1570457124018:Denis
1570457125698:Lekhanov
1570457133557:start
1570457143160:ddedddf
1570457145958:exit
1570457377912:login
1570457380664:Lekhanov
1570457382513:Denis
1570457385075:start
1570457387461:Sofia
1570457389756:Everest
1570457391791:Java
1570457392922:Nile
1570457397756:Washington
1570457401465:result
1570457427224:login
1570457430095:Lekhanov
1570457432185:Denis
1570457435796:start
1570457438369:Sofia
1570457442027:Everest
1570457443444:Java
1570457448339:Nile
1570457454931:Washington
1570457457498:result
1570457462338:exit
1570457483815:clear
1570457486351:start
1570457504243:result
1570458091747:exit
1570518948883:start
1570518963604:exit
1570518986476:login
1570518994113:Леханов
1570518996851:Денис
1570519001500:result
1570519050430:stacktrace
1570519062812:exit
1570519118081:login
1570519121057:Lekhanov
1570519122215:Denis
1570519125113:start
1570519127510:Sofia
1570519132088:Everest
1570519136207:Java
1570519138125:Nile
1570519143388:Washington
1570519146521:result
1570519155211:exit
1570519237498:login
1570519257108:exit
1570519307183:login
1570519310347:Леханов
1570519311955:Денис
1570519316505:start
1570519325637:exit
1570520111681:login
1570520121522:[21~exit
1570520129378:exit
1570520153051:login
1570520161836:Леханов
1570520163404:Денис
1570520166386:start
1570520172037:exit
1570520229582:login
1570520237723:Lekhanov
1570520239261:Denis
1570520248193:start
1570520251228:Sofia
1570520254657:Everest
1570520256300:Java
1570520258018:Nile
1570520262115:Washington
1570520265790:result
1570520272503:exit
1570520321832:login
1570520328950:exit
1570520372311:login
1570520379490:exit
1570520395649:login
1570520402541:exit
1570520427577:login
1570520433425:exit
1570520504105:login
1570520848307:exit
1570520856632:start
1570520864367:exit
1570520942858:clear
1570520950827:login
1570520956741:Леханов
1570520960765:Дени
1570520964252:start
1570520969728:Евре
1570520970592:в
1570520976977:result
1570521105071:exit
1570521135995:login
1570521180315:exit
1570521200334:login
1570521205533:Леханов
1570521207588:Денис
1570521210866:start
1570521213297:София
1570521216834:Эверест
1570521220020:Java
1570521222413:Нил
1570521227694:Вашингтон
1570521231204:result
1570521269766:clear
1570521280470:exit
1570521331558:login
1570521334646:Леханов
1570521336066:Денис
1570521340402:start
1570521346045:София
1570521354499:Эверест
1570521357482:Java
1570521359194:Нил
1570521363079:Вашингтон
1570521366955:result
1570521378605:exit
1570521413066:clear
1570521415304:login
1570521425897:exit
1570521444700:login
1570521447429:Леханов
1570521448607:Денис
1570521453490:start
1570521456158:София
1570521460826:Эверест
1570521463999:Java
1570521466603:Нил
1570521469906:Вашингтон
1570521472407:result
1570521519817:exit
1570521554932:login
1570521561155:Lekhanov
1570521562363:Denis
1570521565236:start
1570521567081:Sofia
1570521569863:Everest
1570521572178:Java
1570521575229:Nile
1570521580507:Washington
1570521583642:result
1570521668654:exit
